

[17-Dec-2024 13:45:53 Europe/Berlin] direcao: 16
[17-Dec-2024 14:47:53 Europe/Berlin] direcao: 11
[17-Dec-2024 14:48:21 Europe/Berlin] direcao: Gabinete do Secretário e Serviços de Apoio
[17-Dec-2024 14:48:28 Europe/Berlin] direcao: Direção Regional Políticas Públicas Integradas e Longevidade
[17-Dec-2024 14:48:37 Europe/Berlin] direcao: Direção Regional de Administração Escolar
[17-Dec-2024 14:48:44 Europe/Berlin] direcao: Direção Regional de Juventude
[17-Dec-2024 14:48:46 Europe/Berlin] direcao: Direção Regional do Património
[17-Dec-2024 14:48:51 Europe/Berlin] direcao: Direção Regional da Cidadania e dos Assuntos Sociais
[17-Dec-2024 14:48:55 Europe/Berlin] direcao: Delegação Escolar de Câmara de Lobos
[17-Dec-2024 14:52:27 Europe/Berlin] direcao: Direção Regional de Estatística da Madeira
[17-Dec-2024 14:52:29 Europe/Berlin] direcao: Direção Regional de Juventude
[17-Dec-2024 14:52:31 Europe/Berlin] direcao: Direção Regional do Orçamento e Tesouro
[17-Dec-2024 14:52:33 Europe/Berlin] direcao: Direção Regional do Ordenamento Tesouro
[17-Dec-2024 14:52:43 Europe/Berlin] direcao: Direção Regional dos Transportes e da Mobilidade Terrestre
[17-Dec-2024 14:52:50 Europe/Berlin] direcao: Direção Regional do Orçamento e Tesouro
[17-Dec-2024 14:52:54 Europe/Berlin] direcao: Direção Regional Políticas Públicas Integradas e Longevidade
[17-Dec-2024 14:53:03 Europe/Berlin] direcao: Direção Regional do Turismo
[17-Dec-2024 14:53:09 Europe/Berlin] direcao: Registo Internacional de Navios da Madeira
[17-Dec-2024 14:54:02 Europe/Berlin] direcao: Direção Regional do Turismo
[17-Dec-2024 14:54:08 Europe/Berlin] direcao: Direção Regional de Agricultura e Desenvolvimento Rural
[17-Dec-2024 14:54:19 Europe/Berlin] direcao: Gabinete do Secretário e Serviços de Apoio
[17-Dec-2024 14:55:09 Europe/Berlin] direcao: Direção Regional do Turismo
[17-Dec-2024 15:03:05 Europe/Berlin] direcao: Registo Internacional de Navios da Madeira
[17-Dec-2024 15:03:08 Europe/Berlin] direcao: Direção Regional de Juventude
[17-Dec-2024 15:03:11 Europe/Berlin] direcao: Direção Regional da Cultura
[17-Dec-2024 15:03:50 Europe/Berlin] direcao: Direção Regional Políticas Públicas Integradas e Longevidade
[17-Dec-2024 15:06:53 Europe/Berlin] direcao: Direção Regional de Administração Escolar
[17-Dec-2024 15:06:57 Europe/Berlin] direcao: Direção Regional de Veterinária e Bem-Estar Animal
[17-Dec-2024 15:07:14 Europe/Berlin] direcao: Direção Regional de Administração Escolar
[17-Dec-2024 15:13:59 Europe/Berlin] direcao: Direção Regional de Veterinária e Bem-Estar Animal
[17-Dec-2024 15:14:02 Europe/Berlin] direcao: Direção Regional de Estatística da Madeira
[17-Dec-2024 15:14:08 Europe/Berlin] direcao: Direção Regional da Cultura
[17-Dec-2024 15:14:24 Europe/Berlin] direcao: Autoridade Regional para as Condições de Trabalho
[17-Dec-2024 15:14:25 Europe/Berlin] direcao: Direção Regional da Cultura
[17-Dec-2024 15:15:12 Europe/Berlin] direcao: Direção Regional Políticas Públicas Integradas e Longevidade
[17-Dec-2024 15:15:17 Europe/Berlin] direcao: Autoridade Regional para as Condições de Trabalho
[17-Dec-2024 15:15:17 Europe/Berlin] direcao: Direção Regional da Cultura
[17-Dec-2024 15:15:19 Europe/Berlin] direcao: Direção Regional Políticas Públicas Integradas e Longevidade
[17-Dec-2024 15:15:21 Europe/Berlin] direcao: Direção Regional do Orçamento e Tesouro
[17-Dec-2024 15:18:05 Europe/Berlin] direcao: Direção Regional de Veterinária e Bem-Estar Animal
[17-Dec-2024 15:18:07 Europe/Berlin] direcao: Gabinete do Secretário e Serviços de Apoio
[17-Dec-2024 15:18:10 Europe/Berlin] direcao: Direção Regional da Cultura
[17-Dec-2024 15:18:12 Europe/Berlin] direcao: Autoridade Regional para as Condições de Trabalho
[17-Dec-2024 15:18:18 Europe/Berlin] direcao: Direção Regional Políticas Públicas Integradas e Longevidade
[17-Dec-2024 15:18:20 Europe/Berlin] direcao: Direção Regional de Veterinária e Bem-Estar Animal
[17-Dec-2024 15:19:15 Europe/Berlin] direcao: Direção Regional de Estatística da Madeira
[17-Dec-2024 15:19:17 Europe/Berlin] direcao: Direção Regional do Turismo
[17-Dec-2024 15:19:33 Europe/Berlin] direcao: Direção Regional Políticas Públicas Integradas e Longevidade
[17-Dec-2024 15:19:35 Europe/Berlin] direcao: Direção Regional de Juventude
[17-Dec-2024 15:19:51 Europe/Berlin] direcao: Autoridade Regional para as Condições de Trabalho
[17-Dec-2024 15:20:15 Europe/Berlin] direcao: Direção Regional da Cultura
[17-Dec-2024 15:20:18 Europe/Berlin] direcao: Direção Regional de Veterinária e Bem-Estar Animal
[17-Dec-2024 15:20:55 Europe/Berlin] direcao: Direção Regional de Veterinária e Bem-Estar Animal
[17-Dec-2024 15:22:15 Europe/Berlin] direcao: Direção Regional de Veterinária e Bem-Estar Animal
[17-Dec-2024 15:25:51 Europe/Berlin] direcao: Direção Regional de Administração Escolar
[17-Dec-2024 15:25:57 Europe/Berlin] direcao: Gabinete do Secretário e Serviços de Apoio
[17-Dec-2024 15:26:02 Europe/Berlin] direcao: Direção Regional de Estatística da Madeira
[17-Dec-2024 15:26:52 Europe/Berlin] direcao: Direção Regional de Administração Escolar
[17-Dec-2024 15:26:55 Europe/Berlin] direcao: Direção Regional de Veterinária e Bem-Estar Animal
[17-Dec-2024 15:27:46 Europe/Berlin] direcao: Direção Regional de Administração Escolar
[17-Dec-2024 15:27:51 Europe/Berlin] direcao: Direção Regional de Planeamento, Recursos e Infraestruturas
[17-Dec-2024 15:27:53 Europe/Berlin] direcao: Autoridade Regional para as Condições de Trabalho
[17-Dec-2024 15:28:09 Europe/Berlin] direcao: Direção Regional de Veterinária e Bem-Estar Animal
[17-Dec-2024 15:52:33 Europe/Berlin] direcao: Direção Regional de Veterinária e Bem-Estar Animal
[17-Dec-2024 15:52:47 Europe/Berlin] Item code: 010
[17-Dec-2024 15:53:20 Europe/Berlin] Item code: 020
[17-Dec-2024 15:53:26 Europe/Berlin] Item code: 0
[17-Dec-2024 15:53:27 Europe/Berlin] Item code: 017
[17-Dec-2024 15:53:28 Europe/Berlin] Item code: 0
[17-Dec-2024 15:53:29 Europe/Berlin] Item code: 018
[17-Dec-2024 15:53:30 Europe/Berlin] Item code: 01
[17-Dec-2024 15:53:31 Europe/Berlin] Item code: 019
[17-Dec-2024 15:53:32 Europe/Berlin] Item code: 021
[17-Dec-2024 15:53:33 Europe/Berlin] Item code: 022
[17-Dec-2024 15:53:34 Europe/Berlin] Item code: 0223
[17-Dec-2024 15:53:35 Europe/Berlin] Item code: 02
[17-Dec-2024 15:53:36 Europe/Berlin] Item code: 023
[17-Dec-2024 15:53:38 Europe/Berlin] Item code: 024
[17-Dec-2024 15:53:39 Europe/Berlin] Item code: 025
[17-Dec-2024 15:53:46 Europe/Berlin] Item code: 021
[17-Dec-2024 15:54:37 Europe/Berlin] Item code: 0
[17-Dec-2024 15:54:37 Europe/Berlin] Item code: 050
[17-Dec-2024 15:54:50 Europe/Berlin] Item code: 050
[17-Dec-2024 15:58:40 Europe/Berlin] Item code: 001
[17-Dec-2024 15:59:51 Europe/Berlin] direcao: Direção Regional da Cultura
[17-Dec-2024 15:59:58 Europe/Berlin] Item code: 020
[17-Dec-2024 16:00:06 Europe/Berlin] Item code: 022
[17-Dec-2024 16:00:07 Europe/Berlin] Item code: 023
[17-Dec-2024 16:00:08 Europe/Berlin] Item code: 024
[17-Dec-2024 16:00:09 Europe/Berlin] Item code: 025
[17-Dec-2024 16:01:45 Europe/Berlin] direcao: Direção Regional Políticas Públicas Integradas e Longevidade
[17-Dec-2024 16:01:52 Europe/Berlin] Item code: 021
[17-Dec-2024 16:03:39 Europe/Berlin] direcao: Direção Regional Políticas Públicas Integradas e Longevidade
[17-Dec-2024 16:03:49 Europe/Berlin] Item code: 021
[17-Dec-2024 16:04:27 Europe/Berlin] direcao: Direção Regional de Administração Escolar
[17-Dec-2024 16:04:32 Europe/Berlin] Item code: 021
[17-Dec-2024 16:05:22 Europe/Berlin] Item code: 022
[17-Dec-2024 16:06:05 Europe/Berlin] direcao: Autoridade Regional para as Condições de Trabalho
[17-Dec-2024 16:06:14 Europe/Berlin] Item code: 021
[17-Dec-2024 16:08:21 Europe/Berlin] direcao: Direção Regional de Administração Escolar
[17-Dec-2024 16:08:27 Europe/Berlin] Item code: 021
[17-Dec-2024 16:10:41 Europe/Berlin] direcao: Direção Regional da Cultura
[17-Dec-2024 16:10:49 Europe/Berlin] Item code: 021
[17-Dec-2024 16:14:22 Europe/Berlin] direcao: Direção Regional de Administração Escolar
[17-Dec-2024 16:14:28 Europe/Berlin] Item code: 02
[17-Dec-2024 16:14:29 Europe/Berlin] Item code: 024
[17-Dec-2024 16:16:16 Europe/Berlin] direcao: Direção Regional de Estatística da Madeira
[17-Dec-2024 16:16:21 Europe/Berlin] Item code: 021
[17-Dec-2024 16:16:47 Europe/Berlin] direcao: Direção Regional de Administração Escolar
[17-Dec-2024 16:16:51 Europe/Berlin] Item code: 0
[17-Dec-2024 16:16:52 Europe/Berlin] Item code: 042
[17-Dec-2024 16:16:59 Europe/Berlin] Item code: 02
[17-Dec-2024 16:17:44 Europe/Berlin] direcao: Direção Regional de Veterinária e Bem-Estar Animal
[17-Dec-2024 16:17:49 Europe/Berlin] Item code: 042
[17-Dec-2024 16:18:14 Europe/Berlin] Item code: 0645
[17-Dec-2024 16:18:16 Europe/Berlin] Item code: 064
[17-Dec-2024 16:22:10 Europe/Berlin] direcao: Direção Regional do Turismo
[17-Dec-2024 16:22:24 Europe/Berlin] Item code: 04
[17-Dec-2024 16:22:27 Europe/Berlin] Item code: 09
[17-Dec-2024 16:22:27 Europe/Berlin] Item code: 094
[17-Dec-2024 16:22:28 Europe/Berlin] Item code: 0
[17-Dec-2024 16:22:29 Europe/Berlin] Item code: 004
[17-Dec-2024 16:22:51 Europe/Berlin] direcao: Direção Regional Políticas Públicas Integradas e Longevidade
[17-Dec-2024 16:22:57 Europe/Berlin] Item code: 060
[17-Dec-2024 16:24:33 Europe/Berlin] direcao: Direção Regional de Veterinária e Bem-Estar Animal
[17-Dec-2024 16:24:38 Europe/Berlin] Item code: -1
[17-Dec-2024 16:24:39 Europe/Berlin] Item code: 1
[17-Dec-2024 16:24:42 Europe/Berlin] Item code: 002
[17-Dec-2024 16:27:01 Europe/Berlin] direcao: Direção Regional de Administração Escolar
[17-Dec-2024 16:27:06 Europe/Berlin] Item code: 03
[17-Dec-2024 16:27:06 Europe/Berlin] Item code: 034
[17-Dec-2024 16:28:25 Europe/Berlin] direcao: Registo Internacional de Navios da Madeira
[17-Dec-2024 16:28:33 Europe/Berlin] Item code: 052
[17-Dec-2024 16:29:08 Europe/Berlin] Item code: 069
[17-Dec-2024 16:32:15 Europe/Berlin] direcao: Direção Regional Políticas Públicas Integradas e Longevidade
[17-Dec-2024 16:32:20 Europe/Berlin] Item code: 0
[17-Dec-2024 16:32:20 Europe/Berlin] Item code: 043
[17-Dec-2024 16:32:37 Europe/Berlin] direcao: Direção Regional da Cultura
[17-Dec-2024 16:33:20 Europe/Berlin] Item code: 0
[17-Dec-2024 16:34:43 Europe/Berlin] Item code: 00
[17-Dec-2024 16:35:17 Europe/Berlin] Item code: 005
[17-Dec-2024 16:36:54 Europe/Berlin] Item code: 0
[17-Dec-2024 16:37:00 Europe/Berlin] Item code: 00
[17-Dec-2024 16:37:02 Europe/Berlin] Item code: 008
[17-Dec-2024 16:39:11 Europe/Berlin] direcao: Direção Regional de Administração Escolar
[17-Dec-2024 16:39:21 Europe/Berlin] Item code: 0
[17-Dec-2024 16:39:27 Europe/Berlin] Item code: 00
[17-Dec-2024 16:39:28 Europe/Berlin] Item code: 006
[17-Dec-2024 16:42:38 Europe/Berlin] direcao: Direção Regional de Veterinária e Bem-Estar Animal
[17-Dec-2024 16:42:44 Europe/Berlin] Item code: 0
[17-Dec-2024 16:42:45 Europe/Berlin] Item code: 05
[17-Dec-2024 16:42:45 Europe/Berlin] Item code: 052
[17-Dec-2024 16:47:23 Europe/Berlin] direcao: Direção Regional Políticas Públicas Integradas e Longevidade
[17-Dec-2024 16:47:31 Europe/Berlin] Item code: 05
[17-Dec-2024 16:47:32 Europe/Berlin] Item code: 052
[17-Dec-2024 16:47:36 Europe/Berlin] Item code: 052
[17-Dec-2024 16:47:50 Europe/Berlin] direcao: Registo Internacional de Navios da Madeira
[17-Dec-2024 16:47:55 Europe/Berlin] Item code: 05
[17-Dec-2024 16:47:59 Europe/Berlin] Item code: 055
[17-Dec-2024 16:48:20 Europe/Berlin] Item code: 0
[17-Dec-2024 16:48:21 Europe/Berlin] Item code: 03
[17-Dec-2024 16:48:22 Europe/Berlin] Item code: 034
[17-Dec-2024 16:48:47 Europe/Berlin] direcao: Delegação Escolar de Câmara de Lobos
[17-Dec-2024 16:50:25 Europe/Berlin] Item code: 05
[17-Dec-2024 16:50:25 Europe/Berlin] Item code: 053
[17-Dec-2024 16:55:44 Europe/Berlin] direcao: Direção Regional Políticas Públicas Integradas e Longevidade
[17-Dec-2024 16:55:51 Europe/Berlin] Item code: 052
[17-Dec-2024 16:55:56 Europe/Berlin] Item code: 063
[17-Dec-2024 16:56:00 Europe/Berlin] Item code: 032
[17-Dec-2024 16:57:08 Europe/Berlin] Item code: 0
[17-Dec-2024 16:57:09 Europe/Berlin] Item code: 069
[17-Dec-2024 16:57:21 Europe/Berlin] Item code: 001
[17-Dec-2024 16:58:04 Europe/Berlin] Item code: 030
[17-Dec-2024 17:03:29 Europe/Berlin] direcao: Direção Regional de Administração Escolar
[17-Dec-2024 17:03:44 Europe/Berlin] Item code: 52
[17-Dec-2024 17:03:46 Europe/Berlin] Item code: 32
[17-Dec-2024 17:03:47 Europe/Berlin] Item code: 12
[17-Dec-2024 17:14:21 Europe/Berlin] direcao: Autoridade Regional para as Condições de Trabalho
[17-Dec-2024 17:14:31 Europe/Berlin] Item code: 53
[17-Dec-2024 17:14:36 Europe/Berlin] Item code: 543
[17-Dec-2024 17:14:37 Europe/Berlin] Item code: 3
[17-Dec-2024 17:14:39 Europe/Berlin] Item code: 33
[17-Dec-2024 17:14:42 Europe/Berlin] Item code: 2
[17-Dec-2024 17:14:43 Europe/Berlin] Item code: 25
[17-Dec-2024 17:15:23 Europe/Berlin] direcao: Direção Regional da Cultura
[17-Dec-2024 17:15:28 Europe/Berlin] Item code: 234
[17-Dec-2024 17:15:30 Europe/Berlin] Item code: 23
[17-Dec-2024 17:18:00 Europe/Berlin] direcao: Direção Regional de Veterinária e Bem-Estar Animal
[17-Dec-2024 17:18:04 Europe/Berlin] Item code: 23
[17-Dec-2024 17:18:25 Europe/Berlin] Item code: 56
[17-Dec-2024 17:18:47 Europe/Berlin] Item code: 3
[17-Dec-2024 17:18:47 Europe/Berlin] Item code: 32
[17-Dec-2024 17:21:48 Europe/Berlin] direcao: Direção Regional de Veterinária e Bem-Estar Animal
[17-Dec-2024 17:21:52 Europe/Berlin] Item code: 52
[17-Dec-2024 17:22:39 Europe/Berlin] direcao: Direção Regional Políticas Públicas Integradas e Longevidade
[17-Dec-2024 17:22:44 Europe/Berlin] Item code: 523
[17-Dec-2024 17:22:46 Europe/Berlin] Item code: 52
[17-Dec-2024 17:24:54 Europe/Berlin] direcao: Autoridade Regional para as Condições de Trabalho
[17-Dec-2024 17:24:58 Europe/Berlin] Item code: 23
[17-Dec-2024 17:28:37 Europe/Berlin] Item code: 52
[17-Dec-2024 17:29:46 Europe/Berlin] direcao: Direção Regional da Cultura
[17-Dec-2024 17:29:52 Europe/Berlin] Item code: 42
[17-Dec-2024 17:29:56 Europe/Berlin] Item code: 2
[17-Dec-2024 17:29:57 Europe/Berlin] Item code: 22
[17-Dec-2024 17:30:57 Europe/Berlin] direcao: Direção Regional de Veterinária e Bem-Estar Animal
[17-Dec-2024 17:31:01 Europe/Berlin] Item code: 43
[17-Dec-2024 17:31:09 Europe/Berlin] Item code: 5
[17-Dec-2024 17:31:09 Europe/Berlin] Item code: 56
[17-Dec-2024 17:31:14 Europe/Berlin] Item code: 23
[17-Dec-2024 17:32:03 Europe/Berlin] direcao: Direção Regional de Veterinária e Bem-Estar Animal
[17-Dec-2024 17:32:08 Europe/Berlin] Item code: 5
[17-Dec-2024 17:32:08 Europe/Berlin] Item code: 54
[17-Dec-2024 17:32:23 Europe/Berlin] Item code: 2
[17-Dec-2024 17:32:24 Europe/Berlin] Item code: 23
[17-Dec-2024 17:32:30 Europe/Berlin] Item code: 5
[17-Dec-2024 17:32:30 Europe/Berlin] Item code: 58
[17-Dec-2024 17:32:40 Europe/Berlin] Item code: 7
[17-Dec-2024 17:32:40 Europe/Berlin] Item code: 78
[17-Dec-2024 17:33:13 Europe/Berlin] Item code: 23
[17-Dec-2024 17:33:27 Europe/Berlin] Item code: 3
[17-Dec-2024 17:33:28 Europe/Berlin] Item code: 32
[17-Dec-2024 17:33:33 Europe/Berlin] Item code: 34
[17-Dec-2024 17:33:38 Europe/Berlin] Item code: 32
[17-Dec-2024 17:34:04 Europe/Berlin] direcao: Direção Regional de Veterinária e Bem-Estar Animal
[17-Dec-2024 17:34:09 Europe/Berlin] Item code: 23
[17-Dec-2024 17:34:16 Europe/Berlin] Item code: 56
[17-Dec-2024 17:34:21 Europe/Berlin] Item code: 653
[17-Dec-2024 17:34:23 Europe/Berlin] Item code: 65
[17-Dec-2024 17:34:30 Europe/Berlin] Item code: 23
[17-Dec-2024 17:34:40 Europe/Berlin] Item code: -1
[17-Dec-2024 17:34:43 Europe/Berlin] Item code: 1
[17-Dec-2024 17:34:46 Europe/Berlin] Item code: -1
[17-Dec-2024 17:34:48 Europe/Berlin] Item code: 1
[17-Dec-2024 17:34:49 Europe/Berlin] Item code: 6
[17-Dec-2024 17:34:55 Europe/Berlin] Item code: 5
[17-Dec-2024 17:34:56 Europe/Berlin] Item code: 6
[17-Dec-2024 17:34:57 Europe/Berlin] Item code: 7
[17-Dec-2024 17:34:57 Europe/Berlin] Item code: 8
[17-Dec-2024 17:34:58 Europe/Berlin] Item code: 9
[17-Dec-2024 17:34:59 Europe/Berlin] Item code: 10
[17-Dec-2024 17:34:59 Europe/Berlin] Item code: 11
[17-Dec-2024 17:35:00 Europe/Berlin] Item code: 12
[17-Dec-2024 17:35:00 Europe/Berlin] Item code: 13
[17-Dec-2024 17:35:01 Europe/Berlin] Item code: 14
[17-Dec-2024 17:35:01 Europe/Berlin] Item code: 15
[17-Dec-2024 17:35:02 Europe/Berlin] Item code: 16
[17-Dec-2024 17:35:03 Europe/Berlin] Item code: 17
[17-Dec-2024 17:35:03 Europe/Berlin] Item code: 18
[17-Dec-2024 17:35:04 Europe/Berlin] Item code: 22
[17-Dec-2024 17:35:05 Europe/Berlin] Item code: 24
[17-Dec-2024 17:35:09 Europe/Berlin] Item code: 23
[17-Dec-2024 17:35:20 Europe/Berlin] Item code: 22
[17-Dec-2024 17:36:49 Europe/Berlin] direcao: Direção Regional da Cultura
[17-Dec-2024 17:36:59 Europe/Berlin] Item code: 43
[17-Dec-2024 17:50:50 Europe/Berlin] direcao: Delegação Escolar de Câmara de Lobos
[17-Dec-2024 17:50:58 Europe/Berlin] Item code: 23
[17-Dec-2024 17:51:04 Europe/Berlin] Item code: 2
[17-Dec-2024 17:51:05 Europe/Berlin] Item code: 59
[17-Dec-2024 17:52:06 Europe/Berlin] direcao: Direção Regional de Veterinária e Bem-Estar Animal
[17-Dec-2024 17:52:10 Europe/Berlin] Item code: 23
[17-Dec-2024 17:52:34 Europe/Berlin] Item code: 45
[17-Dec-2024 17:52:41 Europe/Berlin] Item code: 56
[17-Dec-2024 17:54:01 Europe/Berlin] direcao: Direção Regional da Cultura
[17-Dec-2024 17:54:05 Europe/Berlin] Item code: 23
[17-Dec-2024 17:54:10 Europe/Berlin] Item code: 78
[17-Dec-2024 17:54:13 Europe/Berlin] Item code: 90
[17-Dec-2024 17:56:55 Europe/Berlin] direcao: Direção Regional de Veterinária e Bem-Estar Animal
[17-Dec-2024 17:57:02 Europe/Berlin] Item code: 23
[17-Dec-2024 17:57:14 Europe/Berlin] direcao: Direção Regional de Administração Escolar
[17-Dec-2024 17:57:19 Europe/Berlin] Item code: 23
[17-Dec-2024 17:58:54 Europe/Berlin] direcao: Direção Regional de Administração Escolar
[17-Dec-2024 17:59:04 Europe/Berlin] Item code: 43
[17-Dec-2024 17:59:09 Europe/Berlin] Item code: 23
[17-Dec-2024 18:02:30 Europe/Berlin] direcao: Direção Regional de Veterinária e Bem-Estar Animal
[17-Dec-2024 18:02:35 Europe/Berlin] Item code: 23
[17-Dec-2024 18:02:50 Europe/Berlin] Item code: 67
[17-Dec-2024 18:02:57 Europe/Berlin] Item code: 67
[17-Dec-2024 18:03:07 Europe/Berlin] Item code: 4
[17-Dec-2024 18:03:07 Europe/Berlin] Item code: 423
[17-Dec-2024 18:03:09 Europe/Berlin] Item code: 42
[17-Dec-2024 18:03:11 Europe/Berlin] Item code: 67
[17-Dec-2024 18:07:25 Europe/Berlin] direcao: Direção Regional de Estatística da Madeira
[17-Dec-2024 18:07:43 Europe/Berlin] Item code: 23
[17-Dec-2024 18:07:56 Europe/Berlin] Item code: 67
[17-Dec-2024 18:08:02 Europe/Berlin] Item code: 12
[17-Dec-2024 18:09:23 Europe/Berlin] direcao: Direção Regional de Estatística da Madeira
[17-Dec-2024 18:09:28 Europe/Berlin] Item code: 23
[17-Dec-2024 18:09:34 Europe/Berlin] Item code: 455
[17-Dec-2024 18:09:35 Europe/Berlin] Item code: 45
[17-Dec-2024 18:09:39 Europe/Berlin] Item code: 22
[17-Dec-2024 18:09:43 Europe/Berlin] Item code: 10
[17-Dec-2024 18:09:50 Europe/Berlin] Item code: 56
[17-Dec-2024 18:11:24 Europe/Berlin] Item code: 43
[18-Dec-2024 10:08:09 Europe/Berlin] direcao: Direção Regional de Veterinária e Bem-Estar Animal
[18-Dec-2024 10:08:16 Europe/Berlin] Item code: 32
[18-Dec-2024 10:08:20 Europe/Berlin] Item code: 56
[18-Dec-2024 10:08:29 Europe/Berlin] Item code: 67
[18-Dec-2024 10:08:47 Europe/Berlin] Item code: 12
[18-Dec-2024 10:08:55 Europe/Berlin] Item code: 78
[18-Dec-2024 10:25:47 Europe/Berlin] direcao: Autoridade Regional para as Condições de Trabalho
[18-Dec-2024 10:25:54 Europe/Berlin] Item code: 43
[18-Dec-2024 10:26:04 Europe/Berlin] Item code: 56
[18-Dec-2024 10:27:34 Europe/Berlin] direcao: Direção Regional do Turismo
[18-Dec-2024 10:27:40 Europe/Berlin] Item code: 32
[18-Dec-2024 10:28:38 Europe/Berlin] direcao: Registo Internacional de Navios da Madeira
[18-Dec-2024 10:28:46 Europe/Berlin] Item code: 43
[18-Dec-2024 10:30:10 Europe/Berlin] Item code: 56
[18-Dec-2024 10:30:16 Europe/Berlin] Item code: 67
[18-Dec-2024 10:31:13 Europe/Berlin] Item code: 32
[18-Dec-2024 10:31:25 Europe/Berlin] Item code: 56
[18-Dec-2024 10:32:30 Europe/Berlin] Item code: 32
[18-Dec-2024 10:32:44 Europe/Berlin] Item code: 45
[18-Dec-2024 10:33:14 Europe/Berlin] Item code: 56
[18-Dec-2024 10:35:28 Europe/Berlin] direcao: Direção Regional de Administração Escolar
[18-Dec-2024 10:35:38 Europe/Berlin] Item code: 32
[18-Dec-2024 10:36:06 Europe/Berlin] Item code: 3
[18-Dec-2024 10:36:08 Europe/Berlin] Item code: 43
[18-Dec-2024 10:37:24 Europe/Berlin] direcao: Direção Regional Políticas Públicas Integradas e Longevidade
[18-Dec-2024 10:37:30 Europe/Berlin] Item code: 23
[18-Dec-2024 10:37:31 Europe/Berlin] Item code: 3
[18-Dec-2024 10:37:32 Europe/Berlin] Item code: 43
[18-Dec-2024 10:39:27 Europe/Berlin] direcao: Delegação Escolar de Câmara de Lobos
[18-Dec-2024 10:39:36 Europe/Berlin] Item code: 43
[18-Dec-2024 10:40:38 Europe/Berlin] direcao: Delegação Escolar de Câmara de Lobos
[18-Dec-2024 10:40:44 Europe/Berlin] Item code: 43
[18-Dec-2024 10:40:59 Europe/Berlin] Item code: 43
[18-Dec-2024 10:41:32 Europe/Berlin] direcao: Direção Regional de Veterinária e Bem-Estar Animal
[18-Dec-2024 10:41:38 Europe/Berlin] Item code: 43
[18-Dec-2024 10:42:09 Europe/Berlin] direcao: Direção Regional de Veterinária e Bem-Estar Animal
[18-Dec-2024 10:42:16 Europe/Berlin] Item code: 43
[18-Dec-2024 10:46:46 Europe/Berlin] direcao: Direção Regional de Administração Escolar
[18-Dec-2024 10:46:50 Europe/Berlin] Item code: 23
[18-Dec-2024 10:47:14 Europe/Berlin] Item code: 43
[18-Dec-2024 10:48:05 Europe/Berlin] Item code: 23
[18-Dec-2024 10:48:11 Europe/Berlin] Item code: 12
[18-Dec-2024 10:48:15 Europe/Berlin] Item code: 32
[18-Dec-2024 10:50:16 Europe/Berlin] direcao: Direção Regional de Veterinária e Bem-Estar Animal
[18-Dec-2024 10:50:23 Europe/Berlin] Item code: 23
[18-Dec-2024 10:52:03 Europe/Berlin] direcao: Direção Regional Políticas Públicas Integradas e Longevidade
[18-Dec-2024 10:52:10 Europe/Berlin] Item code: 23
[18-Dec-2024 10:52:23 Europe/Berlin] Item code: 43
[18-Dec-2024 10:52:31 Europe/Berlin] Item code: 43
[18-Dec-2024 10:52:33 Europe/Berlin] Item code: 44
[18-Dec-2024 10:52:34 Europe/Berlin] Item code: 43
[18-Dec-2024 10:52:34 Europe/Berlin] Item code: 42
[18-Dec-2024 10:52:36 Europe/Berlin] Item code: 39
[18-Dec-2024 10:52:36 Europe/Berlin] Item code: 38
[18-Dec-2024 10:52:45 Europe/Berlin] Item code: 56
[18-Dec-2024 10:52:56 Europe/Berlin] Item code: 43
[18-Dec-2024 10:53:26 Europe/Berlin] direcao: Direção Regional da Cultura
[18-Dec-2024 10:53:33 Europe/Berlin] Item code: 43
[18-Dec-2024 10:54:04 Europe/Berlin] Item code: 23
[18-Dec-2024 10:54:24 Europe/Berlin] direcao: Autoridade Regional para as Condições de Trabalho
[18-Dec-2024 10:54:30 Europe/Berlin] Item code: 23
[18-Dec-2024 11:04:51 Europe/Berlin] direcao: Direção Regional de Veterinária e Bem-Estar Animal
[18-Dec-2024 11:05:00 Europe/Berlin] Item code: 23
[18-Dec-2024 11:05:01 Europe/Berlin] Item code: 43
[18-Dec-2024 11:05:13 Europe/Berlin] Item code: 43
[18-Dec-2024 11:06:21 Europe/Berlin] direcao: Direção Regional de Administração Escolar
[18-Dec-2024 11:06:28 Europe/Berlin] Item code: 23
[18-Dec-2024 11:06:47 Europe/Berlin] Item code: 43
[18-Dec-2024 11:07:10 Europe/Berlin] direcao: Direção Regional da Cultura
[18-Dec-2024 11:07:16 Europe/Berlin] Item code: 43
[18-Dec-2024 11:07:49 Europe/Berlin] Item code: 43
[18-Dec-2024 11:14:17 Europe/Berlin] direcao: Direção Regional de Estatística da Madeira
[18-Dec-2024 11:14:24 Europe/Berlin] Item code: 23
[18-Dec-2024 11:14:36 Europe/Berlin] Item code: 43
[18-Dec-2024 11:16:57 Europe/Berlin] direcao: Direção Regional do Orçamento e Tesouro
[18-Dec-2024 11:17:04 Europe/Berlin] Item code: 43
[18-Dec-2024 11:17:12 Europe/Berlin] Item code: 23
[18-Dec-2024 11:17:19 Europe/Berlin] Item code: 43
[18-Dec-2024 11:17:22 Europe/Berlin] Item code: 23
[18-Dec-2024 11:17:27 Europe/Berlin] Item code: 20
[18-Dec-2024 11:21:16 Europe/Berlin] direcao: Autoridade Regional para as Condições de Trabalho
[18-Dec-2024 11:21:23 Europe/Berlin] Item code: 43
[18-Dec-2024 11:21:31 Europe/Berlin] Item code: -1
[18-Dec-2024 11:21:34 Europe/Berlin] Item code: 1
[18-Dec-2024 11:22:00 Europe/Berlin] Item code: 43
[18-Dec-2024 11:23:57 Europe/Berlin] direcao: Direção Regional Políticas Públicas Integradas e Longevidade
[18-Dec-2024 11:24:03 Europe/Berlin] Item code: 43
[18-Dec-2024 11:25:43 Europe/Berlin] direcao: Direção Regional de Veterinária e Bem-Estar Animal
[18-Dec-2024 11:25:59 Europe/Berlin] Item code: 43
[18-Dec-2024 11:26:04 Europe/Berlin] Item code: 23
[18-Dec-2024 11:26:08 Europe/Berlin] Item code: 22
[18-Dec-2024 11:28:37 Europe/Berlin] direcao: Delegação Escolar de Câmara de Lobos
[18-Dec-2024 11:28:46 Europe/Berlin] Item code: 43
[18-Dec-2024 11:28:51 Europe/Berlin] Item code: 43
[18-Dec-2024 11:28:54 Europe/Berlin] Item code: 22
[18-Dec-2024 11:29:00 Europe/Berlin] Item code: 6
[18-Dec-2024 11:29:00 Europe/Berlin] Item code: 65
[18-Dec-2024 11:30:03 Europe/Berlin] direcao: Direção Regional da Cultura
[18-Dec-2024 11:30:12 Europe/Berlin] Item code: 43
[18-Dec-2024 11:30:19 Europe/Berlin] Item code: 22
[18-Dec-2024 11:30:24 Europe/Berlin] Item code: 343
[18-Dec-2024 11:30:27 Europe/Berlin] Item code: 34
[18-Dec-2024 11:30:29 Europe/Berlin] Item code: 43
[18-Dec-2024 11:30:32 Europe/Berlin] Item code: 55
[18-Dec-2024 11:30:44 Europe/Berlin] Item code: 43
[18-Dec-2024 11:36:06 Europe/Berlin] direcao: Direção Regional de Veterinária e Bem-Estar Animal
[18-Dec-2024 11:36:27 Europe/Berlin] Item code: 43
[18-Dec-2024 11:37:33 Europe/Berlin] direcao: Direção Regional de Veterinária e Bem-Estar Animal
[18-Dec-2024 11:37:46 Europe/Berlin] Item code: 43
[18-Dec-2024 11:38:04 Europe/Berlin] Item code: 23
[18-Dec-2024 11:38:54 Europe/Berlin] Item code: 43
[18-Dec-2024 11:39:18 Europe/Berlin] Item code: 43
[18-Dec-2024 11:39:28 Europe/Berlin] Item code: 78
[18-Dec-2024 11:42:55 Europe/Berlin] direcao: Direção Regional Políticas Públicas Integradas e Longevidade
[18-Dec-2024 11:43:04 Europe/Berlin] Item code: 43
[18-Dec-2024 11:48:46 Europe/Berlin] direcao: Direção Regional Políticas Públicas Integradas e Longevidade
[18-Dec-2024 11:48:54 Europe/Berlin] Item code: 43
[18-Dec-2024 11:49:09 Europe/Berlin] Item code: 23
[18-Dec-2024 11:49:17 Europe/Berlin] Item code: 22
[18-Dec-2024 11:54:30 Europe/Berlin] direcao: Registo Internacional de Navios da Madeira
[18-Dec-2024 11:54:43 Europe/Berlin] Item code: 43
[18-Dec-2024 11:55:21 Europe/Berlin] direcao: Registo Internacional de Navios da Madeira
[18-Dec-2024 11:55:29 Europe/Berlin] Item code: 43
[18-Dec-2024 11:57:24 Europe/Berlin] direcao: Direção Regional de Veterinária e Bem-Estar Animal
[18-Dec-2024 11:57:36 Europe/Berlin] Item code: 43
[18-Dec-2024 12:00:58 Europe/Berlin] direcao: Direção Regional Políticas Públicas Integradas e Longevidade
[18-Dec-2024 12:01:08 Europe/Berlin] Item code: 43
[18-Dec-2024 12:03:29 Europe/Berlin] direcao: Direção Regional da Cultura
[18-Dec-2024 12:03:35 Europe/Berlin] Item code: 43
[18-Dec-2024 12:05:39 Europe/Berlin] direcao: Direção Regional de Veterinária e Bem-Estar Animal
[18-Dec-2024 12:05:46 Europe/Berlin] Item code: 43
[18-Dec-2024 12:06:11 Europe/Berlin] direcao: Direção Regional Políticas Públicas Integradas e Longevidade
[18-Dec-2024 12:06:17 Europe/Berlin] Item code: 43
[18-Dec-2024 12:10:20 Europe/Berlin] direcao: Direção Regional de Veterinária e Bem-Estar Animal
[18-Dec-2024 12:10:25 Europe/Berlin] Item code: 23
[18-Dec-2024 12:12:09 Europe/Berlin] Item code: -1
[18-Dec-2024 12:12:12 Europe/Berlin] Item code: 1
[18-Dec-2024 12:12:26 Europe/Berlin] Item code: 55
[18-Dec-2024 12:12:29 Europe/Berlin] Item code: 56
[18-Dec-2024 12:12:30 Europe/Berlin] Item code: 57
[18-Dec-2024 12:13:24 Europe/Berlin] Item code: 32
[18-Dec-2024 12:23:21 Europe/Berlin] direcao: Direção Regional de Veterinária e Bem-Estar Animal
[18-Dec-2024 12:23:29 Europe/Berlin] Item code: 43
[18-Dec-2024 12:24:32 Europe/Berlin] direcao: Direção Regional da Cultura
[18-Dec-2024 12:24:39 Europe/Berlin] Item code: 43
[18-Dec-2024 12:26:35 Europe/Berlin] direcao: Direção Regional Políticas Públicas Integradas e Longevidade
[18-Dec-2024 12:26:41 Europe/Berlin] Item code: 43
[18-Dec-2024 12:27:43 Europe/Berlin] direcao: Direção Regional Políticas Públicas Integradas e Longevidade
[18-Dec-2024 12:27:55 Europe/Berlin] Item code: 43
[18-Dec-2024 12:33:30 Europe/Berlin] direcao: Direção Regional Políticas Públicas Integradas e Longevidade
[18-Dec-2024 12:33:37 Europe/Berlin] Item code: 43
[18-Dec-2024 12:33:45 Europe/Berlin] Item code: 78
[18-Dec-2024 12:38:31 Europe/Berlin] direcao: Autoridade Regional para as Condições de Trabalho
[18-Dec-2024 12:38:54 Europe/Berlin] Item code: 43
[18-Dec-2024 12:42:26 Europe/Berlin] direcao: Direção Regional da Cultura
[18-Dec-2024 12:42:30 Europe/Berlin] Item code: 3
[18-Dec-2024 12:42:31 Europe/Berlin] Item code: 32
[18-Dec-2024 12:47:12 Europe/Berlin] direcao: Direção Regional da Cultura
[18-Dec-2024 12:47:19 Europe/Berlin] Item code: 43
[18-Dec-2024 12:47:23 Europe/Berlin] Item code: 22
[18-Dec-2024 12:47:35 Europe/Berlin] Item code: 43
[18-Dec-2024 12:47:37 Europe/Berlin] Item code: 22
[18-Dec-2024 12:48:37 Europe/Berlin] direcao: Direção Regional da Cultura
[18-Dec-2024 12:48:42 Europe/Berlin] Item code: 23
[18-Dec-2024 12:51:22 Europe/Berlin] direcao: Direção Regional de Pescas
[18-Dec-2024 12:51:45 Europe/Berlin] direcao: Direção Regional de Administração Escolar
[18-Dec-2024 12:52:04 Europe/Berlin] Item code: 43
[18-Dec-2024 13:07:40 Europe/Berlin] direcao: Delegação Escolar de Câmara de Lobos
[18-Dec-2024 13:07:48 Europe/Berlin] Item code: 33
[18-Dec-2024 13:08:12 Europe/Berlin] Item code: 45
[18-Dec-2024 13:09:11 Europe/Berlin] Item code: 4
[18-Dec-2024 13:09:12 Europe/Berlin] Item code: 444444
[18-Dec-2024 13:09:16 Europe/Berlin] Item code: 56
[18-Dec-2024 13:11:02 Europe/Berlin] direcao: Direção Regional da Cultura
[18-Dec-2024 13:11:08 Europe/Berlin] Item code: 43
[18-Dec-2024 13:12:32 Europe/Berlin] direcao: Direção Regional da Cultura
[18-Dec-2024 13:12:41 Europe/Berlin] Item code: 23
[18-Dec-2024 13:13:42 Europe/Berlin] direcao: Direção Regional da Cultura
[18-Dec-2024 13:13:49 Europe/Berlin] Item code: 43
[18-Dec-2024 13:18:10 Europe/Berlin] direcao: Direção Regional da Cultura
[18-Dec-2024 13:18:15 Europe/Berlin] Item code: 32
[18-Dec-2024 13:18:18 Europe/Berlin] Item code: 23
[18-Dec-2024 13:18:19 Europe/Berlin] Item code: 76
[18-Dec-2024 13:21:34 Europe/Berlin] direcao: Direção Regional Políticas Públicas Integradas e Longevidade
[18-Dec-2024 13:21:40 Europe/Berlin] Item code: 23
[18-Dec-2024 13:21:45 Europe/Berlin] Item code: 4
[18-Dec-2024 13:21:49 Europe/Berlin] Item code: 5
[18-Dec-2024 13:21:52 Europe/Berlin] Item code: 6
[18-Dec-2024 13:23:35 Europe/Berlin] direcao: Direção Regional Políticas Públicas Integradas e Longevidade
[18-Dec-2024 13:23:44 Europe/Berlin] Item code: 43
[18-Dec-2024 13:24:13 Europe/Berlin] Item code: 56
